<?xml version="1.0" encoding="UTF-8"?>
<!-- Generated by org.testng.reporters.JUnitXMLReporter -->
<testsuite hostname="Systemss-MacBook-Pro.local" ignored="0" name="Regression Edge" tests="1" failures="1" timestamp="2022-03-23T23:28:43 CDT" time="2.467" errors="0">
  <testcase name="@BeforeTest beforeTest" time="2.431" classname="com.edinarealty.qa.base.TestBase">
    <failure type="org.openqa.selenium.WebDriverException" message="unknown error: cannot find MSEdge binary
Build info: version: &amp;apos;3.141.59&amp;apos;, revision: &amp;apos;e82be7d358&amp;apos;, time: &amp;apos;2018-11-14T08:17:03&amp;apos;
System info: host: &amp;apos;Systemss-MacBook-Pro.local&amp;apos;, ip: &amp;apos;fe80:0:0:0:425:f292:4f26:40b6%en0&amp;apos;, os.name: &amp;apos;Mac OS X&amp;apos;, os.arch: &amp;apos;x86_64&amp;apos;, os.version: &amp;apos;10.16&amp;apos;, java.version: &amp;apos;1.8.0_311&amp;apos;
Driver info: driver.version: EdgeDriver
remote stacktrace: 0   msedgedriver                        0x00000001046b50a9 msedgedriver + 5034153
1   msedgedriver                        0x000000010463e3a3 msedgedriver + 4547491
2   msedgedriver                        0x0000000104212d48 msedgedriver + 175432
3   msedgedriver                        0x0000000104236509 msedgedriver + 320777
4   msedgedriver                        0x00000001042337bf msedgedriver + 309183
5   msedgedriver                        0x000000010426e51d msedgedriver + 550173
6   msedgedriver                        0x0000000104267f83 msedgedriver + 524163
7   msedgedriver                        0x000000010423e16a msedgedriver + 352618
8   msedgedriver                        0x000000010423f1c5 msedgedriver + 356805
9   msedgedriver                        0x000000010466fbae msedgedriver + 4750254
10  msedgedriver                        0x0000000104689f9b msedgedriver + 4857755
11  msedgedriver                        0x000000010468f38b msedgedriver + 4879243
12  msedgedriver                        0x000000010468a844 msedgedriver + 4859972
13  msedgedriver                        0x0000000104664f8b msedgedriver + 4706187
14  msedgedriver                        0x00000001046a6398 msedgedriver + 4973464
15  msedgedriver                        0x00000001046a64b9 msedgedriver + 4973753
16  msedgedriver                        0x00000001046bc345 msedgedriver + 5063493
17  libsystem_pthread.dylib             0x00007ff81a1aa4e1 _pthread_start + 125
18  libsystem_pthread.dylib             0x00007ff81a1a5f6b thread_start + 15
">
      <![CDATA[org.openqa.selenium.WebDriverException: unknown error: cannot find MSEdge binary
Build info: version: '3.141.59', revision: 'e82be7d358', time: '2018-11-14T08:17:03'
System info: host: 'Systemss-MacBook-Pro.local', ip: 'fe80:0:0:0:425:f292:4f26:40b6%en0', os.name: 'Mac OS X', os.arch: 'x86_64', os.version: '10.16', java.version: '1.8.0_311'
Driver info: driver.version: EdgeDriver
remote stacktrace: 0   msedgedriver                        0x00000001046b50a9 msedgedriver + 5034153
1   msedgedriver                        0x000000010463e3a3 msedgedriver + 4547491
2   msedgedriver                        0x0000000104212d48 msedgedriver + 175432
3   msedgedriver                        0x0000000104236509 msedgedriver + 320777
4   msedgedriver                        0x00000001042337bf msedgedriver + 309183
5   msedgedriver                        0x000000010426e51d msedgedriver + 550173
6   msedgedriver                        0x0000000104267f83 msedgedriver + 524163
7   msedgedriver                        0x000000010423e16a msedgedriver + 352618
8   msedgedriver                        0x000000010423f1c5 msedgedriver + 356805
9   msedgedriver                        0x000000010466fbae msedgedriver + 4750254
10  msedgedriver                        0x0000000104689f9b msedgedriver + 4857755
11  msedgedriver                        0x000000010468f38b msedgedriver + 4879243
12  msedgedriver                        0x000000010468a844 msedgedriver + 4859972
13  msedgedriver                        0x0000000104664f8b msedgedriver + 4706187
14  msedgedriver                        0x00000001046a6398 msedgedriver + 4973464
15  msedgedriver                        0x00000001046a64b9 msedgedriver + 4973753
16  msedgedriver                        0x00000001046bc345 msedgedriver + 5063493
17  libsystem_pthread.dylib             0x00007ff81a1aa4e1 _pthread_start + 125
18  libsystem_pthread.dylib             0x00007ff81a1a5f6b thread_start + 15

at org.openqa.selenium.remote.W3CHandshakeResponse.lambda$errorHandler$0(W3CHandshakeResponse.java:62)
at org.openqa.selenium.remote.HandshakeResponse.lambda$getResponseFunction$0(HandshakeResponse.java:30)
at org.openqa.selenium.remote.ProtocolHandshake.lambda$createSession$0(ProtocolHandshake.java:126)
at java.util.stream.ReferencePipeline$3$1.accept(ReferencePipeline.java:193)
at java.util.Spliterators$ArraySpliterator.tryAdvance(Spliterators.java:958)
at java.util.stream.ReferencePipeline.forEachWithCancel(ReferencePipeline.java:126)
at java.util.stream.AbstractPipeline.copyIntoWithCancel(AbstractPipeline.java:499)
at java.util.stream.AbstractPipeline.copyInto(AbstractPipeline.java:486)
at java.util.stream.AbstractPipeline.wrapAndCopyInto(AbstractPipeline.java:472)
at java.util.stream.FindOps$FindOp.evaluateSequential(FindOps.java:152)
at java.util.stream.AbstractPipeline.evaluate(AbstractPipeline.java:234)
at java.util.stream.ReferencePipeline.findFirst(ReferencePipeline.java:464)
at org.openqa.selenium.remote.ProtocolHandshake.createSession(ProtocolHandshake.java:128)
at org.openqa.selenium.remote.ProtocolHandshake.createSession(ProtocolHandshake.java:74)
at org.openqa.selenium.remote.HttpCommandExecutor.execute(HttpCommandExecutor.java:136)
at org.openqa.selenium.remote.service.DriverCommandExecutor.execute(DriverCommandExecutor.java:83)
at org.openqa.selenium.remote.RemoteWebDriver.execute(RemoteWebDriver.java:552)
at org.openqa.selenium.remote.RemoteWebDriver.startSession(RemoteWebDriver.java:213)
at org.openqa.selenium.remote.RemoteWebDriver.<init>(RemoteWebDriver.java:131)
at org.openqa.selenium.edge.EdgeDriver.<init>(EdgeDriver.java:141)
at org.openqa.selenium.edge.EdgeDriver.<init>(EdgeDriver.java:96)
at com.edinarealty.qa.base.TestBase.initializeDriver(TestBase.java:135)
at com.edinarealty.qa.base.TestBase.beforeTest(TestBase.java:195)
at java.util.concurrent.FutureTask.run(FutureTask.java:266)
at java.util.concurrent.ThreadPoolExecutor.runWorker(ThreadPoolExecutor.java:1149)
at java.util.concurrent.ThreadPoolExecutor$Worker.run(ThreadPoolExecutor.java:624)
at java.lang.Thread.run(Thread.java:748)
... Removed 19 stack frames]]>
    </failure>
  </testcase> <!-- @BeforeTest beforeTest -->
  <testcase name="@BeforeClass beforeClass" time="-1.648096123398E9" classname="com.edinarealty.qa.testcases.SignInTest">
    <skipped/>
  </testcase> <!-- @BeforeClass beforeClass -->
  <testcase name="SignInLocalTest" time="0.0" classname="com.edinarealty.qa.testcases.SignInTest">
    <failure type="org.testng.TestNGException" message="
Data Provider public java.lang.String[][] com.edinarealty.qa.util.ExcelMethods.getDataTable() returned a null value">
      <![CDATA[org.testng.TestNGException: 
Data Provider public java.lang.String[][] com.edinarealty.qa.util.ExcelMethods.getDataTable() returned a null value
at java.util.ArrayList.forEach(ArrayList.java:1259)
at java.util.concurrent.FutureTask.run(FutureTask.java:266)
at java.util.concurrent.ThreadPoolExecutor.runWorker(ThreadPoolExecutor.java:1149)
at java.util.concurrent.ThreadPoolExecutor$Worker.run(ThreadPoolExecutor.java:624)
at java.lang.Thread.run(Thread.java:748)
... Removed 15 stack frames]]>
    </failure>
  </testcase> <!-- SignInLocalTest -->
</testsuite> <!-- Regression Edge -->
